0 info it worked if it ends with ok
1 verbose cli [ 'C:\\Program Files\\nodejs\\node.exe',
1 verbose cli   'C:\\Users\\asus\\AppData\\Roaming\\npm\\node_modules\\npm\\bin\\npm-cli.js',
1 verbose cli   'install',
1 verbose cli   'oracledb' ]
2 info using npm@4.0.5
3 info using node@v6.9.2
4 silly loadCurrentTree Starting
5 silly install loadCurrentTree
6 silly install readLocalPackageData
7 silly fetchPackageMetaData oracledb
8 silly fetchNamedPackageData oracledb
9 silly mapToRegistry name oracledb
10 silly mapToRegistry using default registry
11 silly mapToRegistry registry https://registry.npmjs.org/
12 silly mapToRegistry data Result {
12 silly mapToRegistry   raw: 'oracledb',
12 silly mapToRegistry   scope: null,
12 silly mapToRegistry   escapedName: 'oracledb',
12 silly mapToRegistry   name: 'oracledb',
12 silly mapToRegistry   rawSpec: '',
12 silly mapToRegistry   spec: 'latest',
12 silly mapToRegistry   type: 'tag' }
13 silly mapToRegistry uri https://registry.npmjs.org/oracledb
14 verbose request uri https://registry.npmjs.org/oracledb
15 verbose request no auth needed
16 info attempt registry request try #1 at 00:12:54
17 verbose request id 7d8d5ad3145176a4
18 verbose etag W/"58481075-a16b"
19 verbose lastModified Wed, 07 Dec 2016 13:36:53 GMT
20 http request GET https://registry.npmjs.org/oracledb
21 http 304 https://registry.npmjs.org/oracledb
22 verbose headers { date: 'Wed, 14 Dec 2016 00:12:50 GMT',
22 verbose headers   via: '1.1 varnish',
22 verbose headers   'cache-control': 'max-age=300',
22 verbose headers   etag: 'W/"58481075-a16b"',
22 verbose headers   age: '187',
22 verbose headers   connection: 'keep-alive',
22 verbose headers   'x-served-by': 'cache-lhr6344-LHR',
22 verbose headers   'x-cache': 'HIT',
22 verbose headers   'x-cache-hits': '1',
22 verbose headers   'x-timer': 'S1481674370.183573,VS0,VE0',
22 verbose headers   vary: 'Accept-Encoding' }
23 silly get cb [ 304,
23 silly get   { date: 'Wed, 14 Dec 2016 00:12:50 GMT',
23 silly get     via: '1.1 varnish',
23 silly get     'cache-control': 'max-age=300',
23 silly get     etag: 'W/"58481075-a16b"',
23 silly get     age: '187',
23 silly get     connection: 'keep-alive',
23 silly get     'x-served-by': 'cache-lhr6344-LHR',
23 silly get     'x-cache': 'HIT',
23 silly get     'x-cache-hits': '1',
23 silly get     'x-timer': 'S1481674370.183573,VS0,VE0',
23 silly get     vary: 'Accept-Encoding' } ]
24 verbose etag https://registry.npmjs.org/oracledb from cache
25 verbose get saving oracledb to C:\Users\asus\AppData\Roaming\npm-cache\registry.npmjs.org\oracledb\.cache.json
26 verbose correctMkdir C:\Users\asus\AppData\Roaming\npm-cache correctMkdir not in flight; initializing
27 silly install normalizeTree
28 silly loadCurrentTree Finishing
29 silly loadIdealTree Starting
30 silly install loadIdealTree
31 silly cloneCurrentTree Starting
32 silly install cloneCurrentTreeToIdealTree
33 silly cloneCurrentTree Finishing
34 silly loadShrinkwrap Starting
35 silly install loadShrinkwrap
36 silly loadShrinkwrap Finishing
37 silly loadAllDepsIntoIdealTree Starting
38 silly install loadAllDepsIntoIdealTree
39 silly resolveWithNewModule oracledb@1.11.0 checking installable status
40 silly cache add args [ 'oracledb', null ]
41 verbose cache add spec oracledb
42 silly cache add parsed spec Result {
42 silly cache add   raw: 'oracledb',
42 silly cache add   scope: null,
42 silly cache add   escapedName: 'oracledb',
42 silly cache add   name: 'oracledb',
42 silly cache add   rawSpec: '',
42 silly cache add   spec: 'latest',
42 silly cache add   type: 'tag' }
43 silly addNamed oracledb@latest
44 verbose addNamed "latest" is being treated as a dist-tag for oracledb
45 info addNameTag [ 'oracledb', 'latest' ]
46 silly mapToRegistry name oracledb
47 silly mapToRegistry using default registry
48 silly mapToRegistry registry https://registry.npmjs.org/
49 silly mapToRegistry data Result {
49 silly mapToRegistry   raw: 'oracledb',
49 silly mapToRegistry   scope: null,
49 silly mapToRegistry   escapedName: 'oracledb',
49 silly mapToRegistry   name: 'oracledb',
49 silly mapToRegistry   rawSpec: '',
49 silly mapToRegistry   spec: 'latest',
49 silly mapToRegistry   type: 'tag' }
50 silly mapToRegistry uri https://registry.npmjs.org/oracledb
51 verbose addNameTag registry:https://registry.npmjs.org/oracledb not in flight; fetching
52 verbose get https://registry.npmjs.org/oracledb not expired, no request
53 silly addNameTag next cb for oracledb with tag latest
54 silly addNamed oracledb@1.11.0
55 verbose addNamed "1.11.0" is a plain semver version for oracledb
56 silly cache afterAdd oracledb@1.11.0
57 verbose afterAdd C:\Users\asus\AppData\Roaming\npm-cache\oracledb\1.11.0\package\package.json not in flight; writing
58 verbose correctMkdir C:\Users\asus\AppData\Roaming\npm-cache correctMkdir not in flight; initializing
59 verbose afterAdd C:\Users\asus\AppData\Roaming\npm-cache\oracledb\1.11.0\package\package.json written
60 silly fetchNamedPackageData nan
61 silly mapToRegistry name nan
62 silly mapToRegistry using default registry
63 silly mapToRegistry registry https://registry.npmjs.org/
64 silly mapToRegistry data Result {
64 silly mapToRegistry   raw: 'nan',
64 silly mapToRegistry   scope: null,
64 silly mapToRegistry   escapedName: 'nan',
64 silly mapToRegistry   name: 'nan',
64 silly mapToRegistry   rawSpec: '',
64 silly mapToRegistry   spec: 'latest',
64 silly mapToRegistry   type: 'tag' }
65 silly mapToRegistry uri https://registry.npmjs.org/nan
66 verbose request uri https://registry.npmjs.org/nan
67 verbose request no auth needed
68 info attempt registry request try #1 at 00:12:55
69 verbose etag W/"58429a07-1ce2d"
70 verbose lastModified Sat, 03 Dec 2016 10:10:15 GMT
71 http request GET https://registry.npmjs.org/nan
72 http 304 https://registry.npmjs.org/nan
73 verbose headers { date: 'Wed, 14 Dec 2016 00:12:50 GMT',
73 verbose headers   via: '1.1 varnish',
73 verbose headers   'cache-control': 'max-age=300',
73 verbose headers   etag: 'W/"58429a07-1ce2d"',
73 verbose headers   age: '6',
73 verbose headers   connection: 'keep-alive',
73 verbose headers   'x-served-by': 'cache-lhr6344-LHR',
73 verbose headers   'x-cache': 'HIT',
73 verbose headers   'x-cache-hits': '1',
73 verbose headers   'x-timer': 'S1481674370.524666,VS0,VE0',
73 verbose headers   vary: 'Accept-Encoding' }
74 silly get cb [ 304,
74 silly get   { date: 'Wed, 14 Dec 2016 00:12:50 GMT',
74 silly get     via: '1.1 varnish',
74 silly get     'cache-control': 'max-age=300',
74 silly get     etag: 'W/"58429a07-1ce2d"',
74 silly get     age: '6',
74 silly get     connection: 'keep-alive',
74 silly get     'x-served-by': 'cache-lhr6344-LHR',
74 silly get     'x-cache': 'HIT',
74 silly get     'x-cache-hits': '1',
74 silly get     'x-timer': 'S1481674370.524666,VS0,VE0',
74 silly get     vary: 'Accept-Encoding' } ]
75 verbose etag https://registry.npmjs.org/nan from cache
76 verbose get saving nan to C:\Users\asus\AppData\Roaming\npm-cache\registry.npmjs.org\nan\.cache.json
77 verbose correctMkdir C:\Users\asus\AppData\Roaming\npm-cache correctMkdir not in flight; initializing
78 silly resolveWithNewModule nan@2.3.5 checking installable status
79 silly cache add args [ 'nan@~2.3.0', null ]
80 verbose cache add spec nan@~2.3.0
81 silly cache add parsed spec Result {
81 silly cache add   raw: 'nan@~2.3.0',
81 silly cache add   scope: null,
81 silly cache add   escapedName: 'nan',
81 silly cache add   name: 'nan',
81 silly cache add   rawSpec: '~2.3.0',
81 silly cache add   spec: '>=2.3.0 <2.4.0',
81 silly cache add   type: 'range' }
82 silly addNamed nan@>=2.3.0 <2.4.0
83 verbose addNamed ">=2.3.0 <2.4.0" is a valid semver range for nan
84 silly addNameRange { name: 'nan', range: '>=2.3.0 <2.4.0', hasData: false }
85 silly mapToRegistry name nan
86 silly mapToRegistry using default registry
87 silly mapToRegistry registry https://registry.npmjs.org/
88 silly mapToRegistry data Result {
88 silly mapToRegistry   raw: 'nan',
88 silly mapToRegistry   scope: null,
88 silly mapToRegistry   escapedName: 'nan',
88 silly mapToRegistry   name: 'nan',
88 silly mapToRegistry   rawSpec: '',
88 silly mapToRegistry   spec: 'latest',
88 silly mapToRegistry   type: 'tag' }
89 silly mapToRegistry uri https://registry.npmjs.org/nan
90 verbose addNameRange registry:https://registry.npmjs.org/nan not in flight; fetching
91 verbose get https://registry.npmjs.org/nan not expired, no request
92 silly addNameRange number 2 { name: 'nan', range: '>=2.3.0 <2.4.0', hasData: true }
93 silly addNameRange versions [ 'nan',
93 silly addNameRange   [ '0.3.0-wip',
93 silly addNameRange     '0.3.0-wip2',
93 silly addNameRange     '0.3.0',
93 silly addNameRange     '0.3.1',
93 silly addNameRange     '0.3.2',
93 silly addNameRange     '0.4.0',
93 silly addNameRange     '0.4.1',
93 silly addNameRange     '0.4.2',
93 silly addNameRange     '0.4.3',
93 silly addNameRange     '0.4.4',
93 silly addNameRange     '0.5.0',
93 silly addNameRange     '0.5.1',
93 silly addNameRange     '0.5.2',
93 silly addNameRange     '0.6.0',
93 silly addNameRange     '0.7.0',
93 silly addNameRange     '0.7.1',
93 silly addNameRange     '0.8.0',
93 silly addNameRange     '1.0.0',
93 silly addNameRange     '1.1.0',
93 silly addNameRange     '1.1.1',
93 silly addNameRange     '1.1.2',
93 silly addNameRange     '1.2.0',
93 silly addNameRange     '1.3.0',
93 silly addNameRange     '1.4.0',
93 silly addNameRange     '1.4.1',
93 silly addNameRange     '1.5.0',
93 silly addNameRange     '1.4.2',
93 silly addNameRange     '1.4.3',
93 silly addNameRange     '1.5.1',
93 silly addNameRange     '1.5.2',
93 silly addNameRange     '1.6.0',
93 silly addNameRange     '1.5.3',
93 silly addNameRange     '1.6.1',
93 silly addNameRange     '1.6.2',
93 silly addNameRange     '1.7.0',
93 silly addNameRange     '1.8.0',
93 silly addNameRange     '1.8.1',
93 silly addNameRange     '1.8.2',
93 silly addNameRange     '1.8.3',
93 silly addNameRange     '1.8.4',
93 silly addNameRange     '1.9.0',
93 silly addNameRange     '2.0.0',
93 silly addNameRange     '2.0.1',
93 silly addNameRange     '2.0.2',
93 silly addNameRange     '2.0.3',
93 silly addNameRange     '2.0.4',
93 silly addNameRange     '2.0.5',
93 silly addNameRange     '2.0.6',
93 silly addNameRange     '2.0.7',
93 silly addNameRange     '2.0.8',
93 silly addNameRange     '2.0.9',
93 silly addNameRange     '2.1.0',
93 silly addNameRange     '2.2.0',
93 silly addNameRange     '2.2.1',
93 silly addNameRange     '2.3.0',
93 silly addNameRange     '2.3.1',
93 silly addNameRange     '2.3.2',
93 silly addNameRange     '2.3.3',
93 silly addNameRange     '2.3.4',
93 silly addNameRange     '2.3.5',
93 silly addNameRange     '2.4.0' ] ]
94 silly addNamed nan@2.3.5
95 verbose addNamed "2.3.5" is a plain semver version for nan
96 silly cache afterAdd nan@2.3.5
97 verbose afterAdd C:\Users\asus\AppData\Roaming\npm-cache\nan\2.3.5\package\package.json not in flight; writing
98 verbose correctMkdir C:\Users\asus\AppData\Roaming\npm-cache correctMkdir not in flight; initializing
99 verbose afterAdd C:\Users\asus\AppData\Roaming\npm-cache\nan\2.3.5\package\package.json written
100 silly loadAllDepsIntoIdealTree Finishing
101 silly loadIdealTree Finishing
102 silly currentTree nodejs001
102 silly currentTree +-- abbrev@1.0.9
102 silly currentTree +-- ansi-regex@2.0.0
102 silly currentTree +-- ansi-styles@2.2.1
102 silly currentTree +-- aproba@1.0.4
102 silly currentTree +-- are-we-there-yet@1.1.2
102 silly currentTree +-- asn1@0.2.3
102 silly currentTree +-- assert-plus@0.2.0
102 silly currentTree +-- async@2.1.4
102 silly currentTree +-- asynckit@0.4.0
102 silly currentTree +-- aws-sign2@0.6.0
102 silly currentTree +-- aws4@1.5.0
102 silly currentTree +-- balanced-match@0.4.2
102 silly currentTree +-- bcrypt-pbkdf@1.0.0
102 silly currentTree +-- block-stream@0.0.9
102 silly currentTree +-- boom@2.10.1
102 silly currentTree +-- brace-expansion@1.1.6
102 silly currentTree +-- buffer-shims@1.0.0
102 silly currentTree +-- caseless@0.11.0
102 silly currentTree +-- chalk@1.1.3
102 silly currentTree | `-- supports-color@2.0.0
102 silly currentTree +-- code-point-at@1.1.0
102 silly currentTree +-- combined-stream@1.0.5
102 silly currentTree +-- commander@2.9.0
102 silly currentTree +-- concat-map@0.0.1
102 silly currentTree +-- console-control-strings@1.1.0
102 silly currentTree +-- core-util-is@1.0.2
102 silly currentTree +-- cryptiles@2.0.5
102 silly currentTree +-- dashdash@1.14.1
102 silly currentTree | `-- assert-plus@1.0.0
102 silly currentTree +-- debug@2.2.0
102 silly currentTree +-- debuglog@1.0.1
102 silly currentTree +-- deep-extend@0.4.1
102 silly currentTree +-- delayed-stream@1.0.0
102 silly currentTree +-- delegates@1.0.0
102 silly currentTree +-- ecc-jsbn@0.1.1
102 silly currentTree +-- escape-string-regexp@1.0.5
102 silly currentTree +-- extend@3.0.0
102 silly currentTree +-- extsprintf@1.0.2
102 silly currentTree +-- forever-agent@0.6.1
102 silly currentTree +-- form-data@2.1.2
102 silly currentTree +-- fs.realpath@1.0.0
102 silly currentTree +-- fstream-ignore@1.0.5
102 silly currentTree +-- fstream@1.0.10
102 silly currentTree +-- gauge@2.7.2
102 silly currentTree +-- generate-function@2.0.0
102 silly currentTree +-- generate-object-property@1.2.0
102 silly currentTree +-- getpass@0.1.6
102 silly currentTree | `-- assert-plus@1.0.0
102 silly currentTree +-- glob@7.1.1
102 silly currentTree +-- graceful-fs@4.1.11
102 silly currentTree +-- graceful-readlink@1.0.1
102 silly currentTree +-- har-validator@2.0.6
102 silly currentTree +-- has-ansi@2.0.0
102 silly currentTree +-- has-unicode@2.0.1
102 silly currentTree +-- hawk@3.1.3
102 silly currentTree +-- hoek@2.16.3
102 silly currentTree +-- http-signature@1.1.1
102 silly currentTree +-- inflight@1.0.6
102 silly currentTree +-- inherits@2.0.3
102 silly currentTree +-- ini@1.3.4
102 silly currentTree +-- is-fullwidth-code-point@1.0.0
102 silly currentTree +-- is-my-json-valid@2.15.0
102 silly currentTree +-- is-property@1.0.2
102 silly currentTree +-- is-typedarray@1.0.0
102 silly currentTree +-- isarray@1.0.0
102 silly currentTree +-- isstream@0.1.2
102 silly currentTree +-- jodid25519@1.0.2
102 silly currentTree +-- jsbn@0.1.0
102 silly currentTree +-- json-schema@0.2.3
102 silly currentTree +-- json-stringify-safe@5.0.1
102 silly currentTree +-- jsonpointer@4.0.0
102 silly currentTree +-- jsprim@1.3.1
102 silly currentTree +-- lodash@4.17.2
102 silly currentTree +-- mime-db@1.25.0
102 silly currentTree +-- mime-types@2.1.13
102 silly currentTree +-- minimatch@3.0.3
102 silly currentTree +-- minimist@0.0.8
102 silly currentTree +-- mkdirp@0.5.1
102 silly currentTree +-- ms@0.7.1
102 silly currentTree +-- node-pre-gyp@0.6.32
102 silly currentTree +-- nopt@3.0.6
102 silly currentTree +-- npmlog@4.0.2
102 silly currentTree +-- number-is-nan@1.0.1
102 silly currentTree +-- oauth-sign@0.8.2
102 silly currentTree +-- object-assign@4.1.0
102 silly currentTree +-- once@1.4.0
102 silly currentTree +-- path-is-absolute@1.0.1
102 silly currentTree +-- pinkie-promise@2.0.1
102 silly currentTree +-- pinkie@2.0.4
102 silly currentTree +-- process-nextick-args@1.0.7
102 silly currentTree +-- punycode@1.4.1
102 silly currentTree +-- qs@6.3.0
102 silly currentTree +-- rc@1.1.6
102 silly currentTree | `-- minimist@1.2.0
102 silly currentTree +-- readable-stream@2.2.2
102 silly currentTree +-- request@2.79.0
102 silly currentTree +-- rimraf@2.5.4
102 silly currentTree +-- semver@5.3.0
102 silly currentTree +-- set-blocking@2.0.0
102 silly currentTree +-- signal-exit@3.0.2
102 silly currentTree +-- simple-oracledb@1.1.46
102 silly currentTree +-- sntp@1.0.9
102 silly currentTree +-- sshpk@1.10.1
102 silly currentTree | `-- assert-plus@1.0.0
102 silly currentTree +-- string_decoder@0.10.31
102 silly currentTree +-- string-width@1.0.2
102 silly currentTree +-- stringstream@0.0.5
102 silly currentTree +-- strip-ansi@3.0.1
102 silly currentTree +-- strip-json-comments@1.0.4
102 silly currentTree +-- supports-color@0.2.0
102 silly currentTree +-- tar-pack@3.3.0
102 silly currentTree | +-- once@1.3.3
102 silly currentTree | `-- readable-stream@2.1.5
102 silly currentTree +-- tar@2.2.1
102 silly currentTree +-- tough-cookie@2.3.2
102 silly currentTree +-- tunnel-agent@0.4.3
102 silly currentTree +-- tweetnacl@0.14.5
102 silly currentTree +-- uid-number@0.0.6
102 silly currentTree +-- util-deprecate@1.0.2
102 silly currentTree +-- uuid@3.0.1
102 silly currentTree +-- verror@1.3.6
102 silly currentTree +-- wide-align@1.1.0
102 silly currentTree +-- wrappy@1.0.2
102 silly currentTree `-- xtend@4.0.1
103 silly idealTree nodejs001
103 silly idealTree +-- abbrev@1.0.9
103 silly idealTree +-- ansi-regex@2.0.0
103 silly idealTree +-- ansi-styles@2.2.1
103 silly idealTree +-- aproba@1.0.4
103 silly idealTree +-- are-we-there-yet@1.1.2
103 silly idealTree +-- asn1@0.2.3
103 silly idealTree +-- assert-plus@0.2.0
103 silly idealTree +-- async@2.1.4
103 silly idealTree +-- asynckit@0.4.0
103 silly idealTree +-- aws-sign2@0.6.0
103 silly idealTree +-- aws4@1.5.0
103 silly idealTree +-- balanced-match@0.4.2
103 silly idealTree +-- bcrypt-pbkdf@1.0.0
103 silly idealTree +-- block-stream@0.0.9
103 silly idealTree +-- boom@2.10.1
103 silly idealTree +-- brace-expansion@1.1.6
103 silly idealTree +-- buffer-shims@1.0.0
103 silly idealTree +-- caseless@0.11.0
103 silly idealTree +-- chalk@1.1.3
103 silly idealTree | `-- supports-color@2.0.0
103 silly idealTree +-- code-point-at@1.1.0
103 silly idealTree +-- combined-stream@1.0.5
103 silly idealTree +-- commander@2.9.0
103 silly idealTree +-- concat-map@0.0.1
103 silly idealTree +-- console-control-strings@1.1.0
103 silly idealTree +-- core-util-is@1.0.2
103 silly idealTree +-- cryptiles@2.0.5
103 silly idealTree +-- dashdash@1.14.1
103 silly idealTree | `-- assert-plus@1.0.0
103 silly idealTree +-- debug@2.2.0
103 silly idealTree +-- debuglog@1.0.1
103 silly idealTree +-- deep-extend@0.4.1
103 silly idealTree +-- delayed-stream@1.0.0
103 silly idealTree +-- delegates@1.0.0
103 silly idealTree +-- ecc-jsbn@0.1.1
103 silly idealTree +-- escape-string-regexp@1.0.5
103 silly idealTree +-- extend@3.0.0
103 silly idealTree +-- extsprintf@1.0.2
103 silly idealTree +-- forever-agent@0.6.1
103 silly idealTree +-- form-data@2.1.2
103 silly idealTree +-- fs.realpath@1.0.0
103 silly idealTree +-- fstream-ignore@1.0.5
103 silly idealTree +-- fstream@1.0.10
103 silly idealTree +-- gauge@2.7.2
103 silly idealTree +-- generate-function@2.0.0
103 silly idealTree +-- generate-object-property@1.2.0
103 silly idealTree +-- getpass@0.1.6
103 silly idealTree | `-- assert-plus@1.0.0
103 silly idealTree +-- glob@7.1.1
103 silly idealTree +-- graceful-fs@4.1.11
103 silly idealTree +-- graceful-readlink@1.0.1
103 silly idealTree +-- har-validator@2.0.6
103 silly idealTree +-- has-ansi@2.0.0
103 silly idealTree +-- has-unicode@2.0.1
103 silly idealTree +-- hawk@3.1.3
103 silly idealTree +-- hoek@2.16.3
103 silly idealTree +-- http-signature@1.1.1
103 silly idealTree +-- inflight@1.0.6
103 silly idealTree +-- inherits@2.0.3
103 silly idealTree +-- ini@1.3.4
103 silly idealTree +-- is-fullwidth-code-point@1.0.0
103 silly idealTree +-- is-my-json-valid@2.15.0
103 silly idealTree +-- is-property@1.0.2
103 silly idealTree +-- is-typedarray@1.0.0
103 silly idealTree +-- isarray@1.0.0
103 silly idealTree +-- isstream@0.1.2
103 silly idealTree +-- jodid25519@1.0.2
103 silly idealTree +-- jsbn@0.1.0
103 silly idealTree +-- json-schema@0.2.3
103 silly idealTree +-- json-stringify-safe@5.0.1
103 silly idealTree +-- jsonpointer@4.0.0
103 silly idealTree +-- jsprim@1.3.1
103 silly idealTree +-- lodash@4.17.2
103 silly idealTree +-- mime-db@1.25.0
103 silly idealTree +-- mime-types@2.1.13
103 silly idealTree +-- minimatch@3.0.3
103 silly idealTree +-- minimist@0.0.8
103 silly idealTree +-- mkdirp@0.5.1
103 silly idealTree +-- ms@0.7.1
103 silly idealTree +-- nan@2.3.5
103 silly idealTree +-- node-pre-gyp@0.6.32
103 silly idealTree +-- nopt@3.0.6
103 silly idealTree +-- npmlog@4.0.2
103 silly idealTree +-- number-is-nan@1.0.1
103 silly idealTree +-- oauth-sign@0.8.2
103 silly idealTree +-- object-assign@4.1.0
103 silly idealTree +-- once@1.4.0
103 silly idealTree +-- oracledb@1.11.0
103 silly idealTree +-- path-is-absolute@1.0.1
103 silly idealTree +-- pinkie-promise@2.0.1
103 silly idealTree +-- pinkie@2.0.4
103 silly idealTree +-- process-nextick-args@1.0.7
103 silly idealTree +-- punycode@1.4.1
103 silly idealTree +-- qs@6.3.0
103 silly idealTree +-- rc@1.1.6
103 silly idealTree | `-- minimist@1.2.0
103 silly idealTree +-- readable-stream@2.2.2
103 silly idealTree +-- request@2.79.0
103 silly idealTree +-- rimraf@2.5.4
103 silly idealTree +-- semver@5.3.0
103 silly idealTree +-- set-blocking@2.0.0
103 silly idealTree +-- signal-exit@3.0.2
103 silly idealTree +-- simple-oracledb@1.1.46
103 silly idealTree +-- sntp@1.0.9
103 silly idealTree +-- sshpk@1.10.1
103 silly idealTree | `-- assert-plus@1.0.0
103 silly idealTree +-- string_decoder@0.10.31
103 silly idealTree +-- string-width@1.0.2
103 silly idealTree +-- stringstream@0.0.5
103 silly idealTree +-- strip-ansi@3.0.1
103 silly idealTree +-- strip-json-comments@1.0.4
103 silly idealTree +-- supports-color@0.2.0
103 silly idealTree +-- tar-pack@3.3.0
103 silly idealTree | +-- once@1.3.3
103 silly idealTree | `-- readable-stream@2.1.5
103 silly idealTree +-- tar@2.2.1
103 silly idealTree +-- tough-cookie@2.3.2
103 silly idealTree +-- tunnel-agent@0.4.3
103 silly idealTree +-- tweetnacl@0.14.5
103 silly idealTree +-- uid-number@0.0.6
103 silly idealTree +-- util-deprecate@1.0.2
103 silly idealTree +-- uuid@3.0.1
103 silly idealTree +-- verror@1.3.6
103 silly idealTree +-- wide-align@1.1.0
103 silly idealTree +-- wrappy@1.0.2
103 silly idealTree `-- xtend@4.0.1
104 silly generateActionsToTake Starting
105 silly install generateActionsToTake
106 silly generateActionsToTake Finishing
107 silly diffTrees action count 2
108 silly diffTrees add nan@2.3.5
109 silly diffTrees add oracledb@1.11.0
110 silly decomposeActions action count 16
111 silly decomposeActions fetch nan@2.3.5
112 silly decomposeActions extract nan@2.3.5
113 silly decomposeActions test nan@2.3.5
114 silly decomposeActions preinstall nan@2.3.5
115 silly decomposeActions build nan@2.3.5
116 silly decomposeActions install nan@2.3.5
117 silly decomposeActions postinstall nan@2.3.5
118 silly decomposeActions finalize nan@2.3.5
119 silly decomposeActions fetch oracledb@1.11.0
120 silly decomposeActions extract oracledb@1.11.0
121 silly decomposeActions test oracledb@1.11.0
122 silly decomposeActions preinstall oracledb@1.11.0
123 silly decomposeActions build oracledb@1.11.0
124 silly decomposeActions install oracledb@1.11.0
125 silly decomposeActions postinstall oracledb@1.11.0
126 silly decomposeActions finalize oracledb@1.11.0
127 silly runTopLevelLifecycles Starting
128 silly executeActions Starting
129 silly install executeActions
130 silly doSerial global-install 0
131 silly doParallel fetch 2
132 verbose correctMkdir C:\Users\asus\AppData\Roaming\npm-cache\_locks correctMkdir not in flight; initializing
133 verbose lock using C:\Users\asus\AppData\Roaming\npm-cache\_locks\staging-8faf36ac2548d8e3.lock for D:\git\nodejs001\node_modules\.staging
134 silly doParallel extract 2
135 silly extract nan@2.3.5
136 silly extract oracledb@1.11.0
137 verbose unbuild node_modules\.staging\nan-ba051883
138 verbose unbuild node_modules\.staging\oracledb-8cc81540
139 silly gentlyRm D:\git\nodejs001\node_modules\.staging\nan-ba051883 is being purged from base D:\git\nodejs001
140 verbose gentlyRm don't care about contents; nuking D:\git\nodejs001\node_modules\.staging\nan-ba051883
141 silly gentlyRm D:\git\nodejs001\node_modules\.staging\oracledb-8cc81540 is being purged from base D:\git\nodejs001
142 verbose gentlyRm don't care about contents; nuking D:\git\nodejs001\node_modules\.staging\oracledb-8cc81540
143 verbose tar unpack C:\Users\asus\AppData\Roaming\npm-cache\nan\2.3.5\package.tgz
144 verbose tar unpacking to D:\git\nodejs001\node_modules\.staging\nan-ba051883
145 silly gentlyRm D:\git\nodejs001\node_modules\.staging\nan-ba051883 is being purged
146 verbose gentlyRm don't care about contents; nuking D:\git\nodejs001\node_modules\.staging\nan-ba051883
147 verbose tar unpack C:\Users\asus\AppData\Roaming\npm-cache\oracledb\1.11.0\package.tgz
148 verbose tar unpacking to D:\git\nodejs001\node_modules\.staging\oracledb-8cc81540
149 silly gentlyRm D:\git\nodejs001\node_modules\.staging\oracledb-8cc81540 is being purged
150 verbose gentlyRm don't care about contents; nuking D:\git\nodejs001\node_modules\.staging\oracledb-8cc81540
151 silly gunzTarPerm modes [ '777', '666' ]
152 silly gunzTarPerm modes [ '777', '666' ]
153 silly gunzTarPerm extractEntry package.json
154 silly gunzTarPerm modified mode [ 'package.json', 436, 438 ]
155 silly gunzTarPerm extractEntry package.json
156 silly gunzTarPerm modified mode [ 'package.json', 420, 438 ]
157 silly gunzTarPerm extractEntry README.md
158 silly gunzTarPerm modified mode [ 'README.md', 436, 438 ]
159 silly gunzTarPerm extractEntry README.md
160 silly gunzTarPerm modified mode [ 'README.md', 420, 438 ]
161 silly gunzTarPerm extractEntry index.js
162 silly gunzTarPerm modified mode [ 'index.js', 420, 438 ]
163 silly gunzTarPerm extractEntry include_dirs.js
164 silly gunzTarPerm modified mode [ 'include_dirs.js', 436, 438 ]
165 silly gunzTarPerm extractEntry nan_converters.h
166 silly gunzTarPerm modified mode [ 'nan_converters.h', 436, 438 ]
167 silly gunzTarPerm extractEntry LICENSE.md
168 silly gunzTarPerm modified mode [ 'LICENSE.md', 436, 438 ]
169 silly gunzTarPerm extractEntry doc/node_misc.md
170 silly gunzTarPerm modified mode [ 'doc/node_misc.md', 436, 438 ]
171 silly gunzTarPerm extractEntry CHANGELOG.md
172 silly gunzTarPerm modified mode [ 'CHANGELOG.md', 420, 438 ]
173 silly gunzTarPerm extractEntry LICENSE.md
174 silly gunzTarPerm modified mode [ 'LICENSE.md', 420, 438 ]
175 silly gunzTarPerm extractEntry doc/asyncworker.md
176 silly gunzTarPerm modified mode [ 'doc/asyncworker.md', 436, 438 ]
177 silly gunzTarPerm extractEntry binding.gyp
178 silly gunzTarPerm modified mode [ 'binding.gyp', 420, 438 ]
179 silly gunzTarPerm extractEntry lib/connection.js
180 silly gunzTarPerm modified mode [ 'lib/connection.js', 420, 438 ]
181 silly gunzTarPerm extractEntry doc/callback.md
182 silly gunzTarPerm modified mode [ 'doc/callback.md', 436, 438 ]
183 silly gunzTarPerm extractEntry doc/converters.md
184 silly gunzTarPerm modified mode [ 'doc/converters.md', 436, 438 ]
185 silly gunzTarPerm extractEntry lib/lob.js
186 silly gunzTarPerm modified mode [ 'lib/lob.js', 420, 438 ]
187 silly gunzTarPerm extractEntry lib/oracledb.js
188 silly gunzTarPerm modified mode [ 'lib/oracledb.js', 420, 438 ]
189 silly gunzTarPerm extractEntry doc/errors.md
190 silly gunzTarPerm modified mode [ 'doc/errors.md', 436, 438 ]
191 silly gunzTarPerm extractEntry doc/maybe_types.md
192 silly gunzTarPerm modified mode [ 'doc/maybe_types.md', 436, 438 ]
193 silly gunzTarPerm extractEntry doc/methods.md
194 silly gunzTarPerm modified mode [ 'doc/methods.md', 436, 438 ]
195 silly gunzTarPerm extractEntry doc/new.md
196 silly gunzTarPerm modified mode [ 'doc/new.md', 436, 438 ]
197 silly gunzTarPerm extractEntry doc/buffers.md
198 silly gunzTarPerm modified mode [ 'doc/buffers.md', 436, 438 ]
199 silly gunzTarPerm extractEntry doc/object_wrappers.md
200 silly gunzTarPerm modified mode [ 'doc/object_wrappers.md', 436, 438 ]
201 silly gunzTarPerm extractEntry lib/pool.js
202 silly gunzTarPerm modified mode [ 'lib/pool.js', 420, 438 ]
203 silly gunzTarPerm extractEntry lib/querystream.js
204 silly gunzTarPerm modified mode [ 'lib/querystream.js', 420, 438 ]
205 silly gunzTarPerm extractEntry lib/resultset.js
206 silly gunzTarPerm modified mode [ 'lib/resultset.js', 420, 438 ]
207 silly gunzTarPerm extractEntry lib/util.js
208 silly gunzTarPerm modified mode [ 'lib/util.js', 420, 438 ]
209 silly gunzTarPerm extractEntry src/dpi/include/dpi.h
210 silly gunzTarPerm modified mode [ 'src/dpi/include/dpi.h', 420, 438 ]
211 silly gunzTarPerm extractEntry doc/persistent.md
212 silly gunzTarPerm modified mode [ 'doc/persistent.md', 436, 438 ]
213 silly gunzTarPerm extractEntry doc/scopes.md
214 silly gunzTarPerm modified mode [ 'doc/scopes.md', 436, 438 ]
215 silly gunzTarPerm extractEntry doc/script.md
216 silly gunzTarPerm modified mode [ 'doc/script.md', 436, 438 ]
217 silly gunzTarPerm extractEntry doc/string_bytes.md
218 silly gunzTarPerm modified mode [ 'doc/string_bytes.md', 436, 438 ]
219 silly gunzTarPerm extractEntry doc/v8_internals.md
220 silly gunzTarPerm modified mode [ 'doc/v8_internals.md', 436, 438 ]
221 silly gunzTarPerm extractEntry doc/v8_misc.md
222 silly gunzTarPerm modified mode [ 'doc/v8_misc.md', 436, 438 ]
223 silly gunzTarPerm extractEntry nan.h
224 silly gunzTarPerm modified mode [ 'nan.h', 436, 438 ]
225 silly gunzTarPerm extractEntry nan_callbacks.h
226 silly gunzTarPerm modified mode [ 'nan_callbacks.h', 436, 438 ]
227 silly gunzTarPerm extractEntry nan_callbacks_12_inl.h
228 silly gunzTarPerm modified mode [ 'nan_callbacks_12_inl.h', 436, 438 ]
229 silly gunzTarPerm extractEntry nan_callbacks_pre_12_inl.h
230 silly gunzTarPerm modified mode [ 'nan_callbacks_pre_12_inl.h', 436, 438 ]
231 silly gunzTarPerm extractEntry nan_converters_43_inl.h
232 silly gunzTarPerm modified mode [ 'nan_converters_43_inl.h', 436, 438 ]
233 silly gunzTarPerm extractEntry nan_converters_pre_43_inl.h
234 silly gunzTarPerm modified mode [ 'nan_converters_pre_43_inl.h', 436, 438 ]
235 silly gunzTarPerm extractEntry nan_implementation_12_inl.h
236 silly gunzTarPerm modified mode [ 'nan_implementation_12_inl.h', 436, 438 ]
237 silly gunzTarPerm extractEntry nan_implementation_pre_12_inl.h
238 silly gunzTarPerm modified mode [ 'nan_implementation_pre_12_inl.h', 436, 438 ]
239 silly gunzTarPerm extractEntry nan_maybe_43_inl.h
240 silly gunzTarPerm modified mode [ 'nan_maybe_43_inl.h', 436, 438 ]
241 silly gunzTarPerm extractEntry nan_maybe_pre_43_inl.h
242 silly gunzTarPerm modified mode [ 'nan_maybe_pre_43_inl.h', 436, 438 ]
243 silly gunzTarPerm extractEntry nan_new.h
244 silly gunzTarPerm modified mode [ 'nan_new.h', 436, 438 ]
245 silly gunzTarPerm extractEntry nan_object_wrap.h
246 silly gunzTarPerm modified mode [ 'nan_object_wrap.h', 436, 438 ]
247 silly gunzTarPerm extractEntry nan_persistent_12_inl.h
248 silly gunzTarPerm modified mode [ 'nan_persistent_12_inl.h', 436, 438 ]
249 silly gunzTarPerm extractEntry nan_persistent_pre_12_inl.h
250 silly gunzTarPerm modified mode [ 'nan_persistent_pre_12_inl.h', 436, 438 ]
251 silly gunzTarPerm extractEntry nan_string_bytes.h
252 silly gunzTarPerm modified mode [ 'nan_string_bytes.h', 436, 438 ]
253 silly gunzTarPerm extractEntry nan_typedarray_contents.h
254 silly gunzTarPerm modified mode [ 'nan_typedarray_contents.h', 436, 438 ]
255 silly gunzTarPerm extractEntry nan_weak.h
256 silly gunzTarPerm modified mode [ 'nan_weak.h', 436, 438 ]
257 silly gunzTarPerm extractEntry CHANGELOG.md
258 silly gunzTarPerm modified mode [ 'CHANGELOG.md', 436, 438 ]
259 silly gunzTarPerm extractEntry tools/package.json
260 silly gunzTarPerm modified mode [ 'tools/package.json', 436, 438 ]
261 silly gunzTarPerm extractEntry tools/README.md
262 silly gunzTarPerm modified mode [ 'tools/README.md', 436, 438 ]
263 silly gunzTarPerm extractEntry tools/1to2.js
264 silly gunzTarPerm modified mode [ 'tools/1to2.js', 509, 511 ]
265 silly gunzTarPerm extractEntry src/dpi/include/dpiCommon.h
266 silly gunzTarPerm modified mode [ 'src/dpi/include/dpiCommon.h', 420, 438 ]
267 silly gunzTarPerm extractEntry src/dpi/include/dpiConn.h
268 silly gunzTarPerm modified mode [ 'src/dpi/include/dpiConn.h', 420, 438 ]
269 silly gunzTarPerm extractEntry src/dpi/include/dpiDateTimeArray.h
270 silly gunzTarPerm modified mode [ 'src/dpi/include/dpiDateTimeArray.h', 420, 438 ]
271 silly gunzTarPerm extractEntry src/dpi/include/dpiEnv.h
272 silly gunzTarPerm modified mode [ 'src/dpi/include/dpiEnv.h', 420, 438 ]
273 silly gunzTarPerm extractEntry src/dpi/include/dpiException.h
274 silly gunzTarPerm modified mode [ 'src/dpi/include/dpiException.h', 420, 438 ]
275 silly gunzTarPerm extractEntry src/dpi/include/dpiLob.h
276 silly gunzTarPerm modified mode [ 'src/dpi/include/dpiLob.h', 420, 438 ]
277 silly gunzTarPerm extractEntry src/dpi/include/dpiPool.h
278 silly gunzTarPerm modified mode [ 'src/dpi/include/dpiPool.h', 420, 438 ]
279 silly gunzTarPerm extractEntry src/dpi/include/dpiStmt.h
280 silly gunzTarPerm modified mode [ 'src/dpi/include/dpiStmt.h', 420, 438 ]
281 silly gunzTarPerm extractEntry src/dpi/src/dpiExceptionImpl.cpp
282 silly gunzTarPerm modified mode [ 'src/dpi/src/dpiExceptionImpl.cpp', 420, 438 ]
283 silly gunzTarPerm extractEntry src/dpi/src/dpiCommon.cpp
284 silly gunzTarPerm modified mode [ 'src/dpi/src/dpiCommon.cpp', 420, 438 ]
285 silly gunzTarPerm extractEntry src/dpi/src/dpiConnImpl.h
286 silly gunzTarPerm modified mode [ 'src/dpi/src/dpiConnImpl.h', 420, 438 ]
287 silly gunzTarPerm extractEntry src/dpi/src/dpiDateTimeArrayImpl.cpp
288 silly gunzTarPerm modified mode [ 'src/dpi/src/dpiDateTimeArrayImpl.cpp', 420, 438 ]
289 silly gunzTarPerm extractEntry src/dpi/src/dpiDateTimeArrayImpl.h
290 silly gunzTarPerm modified mode [ 'src/dpi/src/dpiDateTimeArrayImpl.h', 420, 438 ]
291 silly gunzTarPerm extractEntry src/dpi/src/dpiEnv.cpp
292 silly gunzTarPerm modified mode [ 'src/dpi/src/dpiEnv.cpp', 420, 438 ]
293 silly gunzTarPerm extractEntry src/dpi/src/dpiEnvImpl.cpp
294 silly gunzTarPerm modified mode [ 'src/dpi/src/dpiEnvImpl.cpp', 420, 438 ]
295 silly gunzTarPerm extractEntry src/dpi/src/dpiEnvImpl.h
296 silly gunzTarPerm modified mode [ 'src/dpi/src/dpiEnvImpl.h', 420, 438 ]
297 silly gunzTarPerm extractEntry src/dpi/src/dpiException.cpp
298 silly gunzTarPerm modified mode [ 'src/dpi/src/dpiException.cpp', 420, 438 ]
299 silly gunzTarPerm extractEntry src/dpi/src/dpiConnImpl.cpp
300 silly gunzTarPerm modified mode [ 'src/dpi/src/dpiConnImpl.cpp', 420, 438 ]
301 silly gunzTarPerm extractEntry src/dpi/src/dpiExceptionImpl.h
302 silly gunzTarPerm modified mode [ 'src/dpi/src/dpiExceptionImpl.h', 420, 438 ]
303 silly gunzTarPerm extractEntry src/dpi/src/dpiLob.cpp
304 silly gunzTarPerm modified mode [ 'src/dpi/src/dpiLob.cpp', 420, 438 ]
305 silly gunzTarPerm extractEntry src/dpi/src/dpiPoolImpl.cpp
306 silly gunzTarPerm modified mode [ 'src/dpi/src/dpiPoolImpl.cpp', 420, 438 ]
307 silly gunzTarPerm extractEntry src/dpi/src/dpiPoolImpl.h
308 silly gunzTarPerm modified mode [ 'src/dpi/src/dpiPoolImpl.h', 420, 438 ]
309 silly gunzTarPerm extractEntry src/dpi/src/dpiStmtImpl.cpp
310 silly gunzTarPerm modified mode [ 'src/dpi/src/dpiStmtImpl.cpp', 420, 438 ]
311 silly gunzTarPerm extractEntry src/dpi/src/dpiStmtImpl.h
312 silly gunzTarPerm modified mode [ 'src/dpi/src/dpiStmtImpl.h', 420, 438 ]
313 silly gunzTarPerm extractEntry src/dpi/src/dpiUtils.cpp
314 silly gunzTarPerm modified mode [ 'src/dpi/src/dpiUtils.cpp', 420, 438 ]
315 silly gunzTarPerm extractEntry src/dpi/src/dpiUtils.h
316 silly gunzTarPerm modified mode [ 'src/dpi/src/dpiUtils.h', 420, 438 ]
317 silly gunzTarPerm extractEntry src/njs/src/njsOracle.cpp
318 silly gunzTarPerm modified mode [ 'src/njs/src/njsOracle.cpp', 420, 438 ]
319 silly gunzTarPerm extractEntry src/njs/src/njsConnection.cpp
320 silly gunzTarPerm modified mode [ 'src/njs/src/njsConnection.cpp', 420, 438 ]
321 silly gunzTarPerm extractEntry src/njs/src/njsIntLob.cpp
322 silly gunzTarPerm modified mode [ 'src/njs/src/njsIntLob.cpp', 420, 438 ]
323 silly gunzTarPerm extractEntry src/njs/src/njsIntLob.h
324 silly gunzTarPerm modified mode [ 'src/njs/src/njsIntLob.h', 420, 438 ]
325 silly gunzTarPerm extractEntry src/njs/src/njsMessages.cpp
326 silly gunzTarPerm modified mode [ 'src/njs/src/njsMessages.cpp', 420, 438 ]
327 silly gunzTarPerm extractEntry src/njs/src/njsMessages.h
328 silly gunzTarPerm modified mode [ 'src/njs/src/njsMessages.h', 420, 438 ]
329 silly gunzTarPerm extractEntry src/njs/src/njsConnection.h
330 silly gunzTarPerm modified mode [ 'src/njs/src/njsConnection.h', 420, 438 ]
331 silly gunzTarPerm extractEntry src/njs/src/njsOracle.h
332 silly gunzTarPerm modified mode [ 'src/njs/src/njsOracle.h', 420, 438 ]
333 silly gunzTarPerm extractEntry src/njs/src/njsPool.cpp
334 silly gunzTarPerm modified mode [ 'src/njs/src/njsPool.cpp', 420, 438 ]
335 silly gunzTarPerm extractEntry src/njs/src/njsPool.h
336 silly gunzTarPerm modified mode [ 'src/njs/src/njsPool.h', 420, 438 ]
337 silly gunzTarPerm extractEntry src/njs/src/njsResultSet.cpp
338 silly gunzTarPerm modified mode [ 'src/njs/src/njsResultSet.cpp', 420, 438 ]
339 silly gunzTarPerm extractEntry src/njs/src/njsResultSet.h
340 silly gunzTarPerm modified mode [ 'src/njs/src/njsResultSet.h', 420, 438 ]
341 silly gunzTarPerm extractEntry src/njs/src/njsUtils.h
342 silly gunzTarPerm modified mode [ 'src/njs/src/njsUtils.h', 420, 438 ]
343 silly gentlyRm D:\git\nodejs001\node_modules\.staging\nan-ba051883\node_modules is being purged
344 verbose gentlyRm don't care about contents; nuking D:\git\nodejs001\node_modules\.staging\nan-ba051883\node_modules
345 silly gentlyRm D:\git\nodejs001\node_modules\.staging\oracledb-8cc81540\node_modules is being purged
346 verbose gentlyRm don't care about contents; nuking D:\git\nodejs001\node_modules\.staging\oracledb-8cc81540\node_modules
347 silly doParallel preinstall 2
348 silly preinstall nan@2.3.5
349 info lifecycle nan@2.3.5~preinstall: nan@2.3.5
350 silly preinstall oracledb@1.11.0
351 info lifecycle oracledb@1.11.0~preinstall: oracledb@1.11.0
352 silly lifecycle nan@2.3.5~preinstall: no script for preinstall, continuing
353 silly lifecycle oracledb@1.11.0~preinstall: no script for preinstall, continuing
354 silly doReverseSerial remove 0
355 silly doSerial move 0
356 silly doSerial finalize 2
357 silly finalize D:\git\nodejs001\node_modules\nan
358 silly finalize D:\git\nodejs001\node_modules\oracledb
359 silly doSerial build 2
360 silly build nan@2.3.5
361 info linkStuff nan@2.3.5
362 silly linkStuff nan@2.3.5 has D:\git\nodejs001\node_modules as its parent node_modules
363 verbose linkBins nan@2.3.5
364 verbose linkMans nan@2.3.5
365 silly build oracledb@1.11.0
366 info linkStuff oracledb@1.11.0
367 silly linkStuff oracledb@1.11.0 has D:\git\nodejs001\node_modules as its parent node_modules
368 verbose linkBins oracledb@1.11.0
369 verbose linkMans oracledb@1.11.0
370 silly doSerial global-link 0
371 silly doParallel update-linked 0
372 silly doSerial install 2
373 silly install nan@2.3.5
374 info lifecycle nan@2.3.5~install: nan@2.3.5
375 silly lifecycle nan@2.3.5~install: no script for install, continuing
376 silly install oracledb@1.11.0
377 info lifecycle oracledb@1.11.0~install: oracledb@1.11.0
378 verbose lifecycle oracledb@1.11.0~install: unsafe-perm in lifecycle true
379 verbose lifecycle oracledb@1.11.0~install: PATH: C:\Users\asus\AppData\Roaming\npm\node_modules\npm\bin\node-gyp-bin;D:\git\nodejs001\node_modules\oracledb\node_modules\.bin;D:\git\nodejs001\node_modules\.bin;C:\ProgramData\Oracle\Java\javapath;C:\oraclexe\app\oracle\product\11.2.0\server\bin;C:\WINDOWS\system32;C:\WINDOWS;C:\WINDOWS\System32\Wbem;C:\WINDOWS\System32\WindowsPowerShell\v1.0\;C:\Program Files (x86)\NVIDIA Corporation\PhysX\Common;C:\Program Files\nodejs\;C:\Program Files (x86)\Windows Kits\10\Windows Performance Toolkit\;C:\Users\asus\AppData\Local\Programs\Python\Python35-32\Scripts\;C:\Users\asus\AppData\Local\Programs\Python\Python35-32\;C:\Users\asus\AppData\Roaming\npm
380 verbose lifecycle oracledb@1.11.0~install: CWD: D:\git\nodejs001\node_modules\oracledb
381 silly lifecycle oracledb@1.11.0~install: Args: [ '/d /s /c', 'node-gyp rebuild' ]
382 silly lifecycle oracledb@1.11.0~install: Returned: code: 1  signal: null
383 info lifecycle oracledb@1.11.0~install: Failed to exec install script
384 verbose unlock done using C:\Users\asus\AppData\Roaming\npm-cache\_locks\staging-8faf36ac2548d8e3.lock for D:\git\nodejs001\node_modules\.staging
385 silly rollbackFailedOptional Starting
386 silly gentlyRm D:\git\nodejs001\node_modules\nan is being purged from base D:\git\nodejs001
387 verbose gentlyRm don't care about contents; nuking D:\git\nodejs001\node_modules\nan
388 silly gentlyRm D:\git\nodejs001\node_modules\nan is being purged from base D:\git\nodejs001
389 verbose gentlyRm don't care about contents; nuking D:\git\nodejs001\node_modules\nan
390 silly gentlyRm D:\git\nodejs001\node_modules\nan is being purged from base D:\git\nodejs001
391 verbose gentlyRm don't care about contents; nuking D:\git\nodejs001\node_modules\nan
392 silly gentlyRm D:\git\nodejs001\node_modules\nan is being purged from base D:\git\nodejs001
393 verbose gentlyRm don't care about contents; nuking D:\git\nodejs001\node_modules\nan
394 silly gentlyRm D:\git\nodejs001\node_modules\nan is being purged from base D:\git\nodejs001
395 verbose gentlyRm don't care about contents; nuking D:\git\nodejs001\node_modules\nan
396 silly gentlyRm D:\git\nodejs001\node_modules\nan is being purged from base D:\git\nodejs001
397 verbose gentlyRm don't care about contents; nuking D:\git\nodejs001\node_modules\nan
398 silly gentlyRm D:\git\nodejs001\node_modules\nan is being purged from base D:\git\nodejs001
399 verbose gentlyRm don't care about contents; nuking D:\git\nodejs001\node_modules\nan
400 silly gentlyRm D:\git\nodejs001\node_modules\nan is being purged from base D:\git\nodejs001
401 verbose gentlyRm don't care about contents; nuking D:\git\nodejs001\node_modules\nan
402 silly gentlyRm D:\git\nodejs001\node_modules\oracledb is being purged from base D:\git\nodejs001
403 verbose gentlyRm don't care about contents; nuking D:\git\nodejs001\node_modules\oracledb
404 silly gentlyRm D:\git\nodejs001\node_modules\oracledb is being purged from base D:\git\nodejs001
405 verbose gentlyRm don't care about contents; nuking D:\git\nodejs001\node_modules\oracledb
406 silly gentlyRm D:\git\nodejs001\node_modules\oracledb is being purged from base D:\git\nodejs001
407 verbose gentlyRm don't care about contents; nuking D:\git\nodejs001\node_modules\oracledb
408 silly gentlyRm D:\git\nodejs001\node_modules\oracledb is being purged from base D:\git\nodejs001
409 verbose gentlyRm don't care about contents; nuking D:\git\nodejs001\node_modules\oracledb
410 silly gentlyRm D:\git\nodejs001\node_modules\oracledb is being purged from base D:\git\nodejs001
411 verbose gentlyRm don't care about contents; nuking D:\git\nodejs001\node_modules\oracledb
412 silly gentlyRm D:\git\nodejs001\node_modules\oracledb is being purged from base D:\git\nodejs001
413 verbose gentlyRm don't care about contents; nuking D:\git\nodejs001\node_modules\oracledb
414 silly gentlyRm D:\git\nodejs001\node_modules\oracledb is being purged from base D:\git\nodejs001
415 verbose gentlyRm don't care about contents; nuking D:\git\nodejs001\node_modules\oracledb
416 silly gentlyRm D:\git\nodejs001\node_modules\oracledb is being purged from base D:\git\nodejs001
417 verbose gentlyRm don't care about contents; nuking D:\git\nodejs001\node_modules\oracledb
418 silly vacuum-fs purging D:\git\nodejs001\node_modules\nan
419 silly vacuum-fs purging D:\git\nodejs001\node_modules\nan
420 silly vacuum-fs purging D:\git\nodejs001\node_modules\nan
421 silly vacuum-fs purging D:\git\nodejs001\node_modules\nan
422 silly vacuum-fs purging D:\git\nodejs001\node_modules\nan
423 silly vacuum-fs purging D:\git\nodejs001\node_modules\nan
424 silly vacuum-fs purging D:\git\nodejs001\node_modules\nan
425 silly vacuum-fs purging D:\git\nodejs001\node_modules\nan
426 silly vacuum-fs purging D:\git\nodejs001\node_modules\oracledb
427 silly vacuum-fs purging D:\git\nodejs001\node_modules\oracledb
428 silly vacuum-fs purging D:\git\nodejs001\node_modules\oracledb
429 silly vacuum-fs purging D:\git\nodejs001\node_modules\oracledb
430 silly vacuum-fs purging D:\git\nodejs001\node_modules\oracledb
431 silly vacuum-fs purging D:\git\nodejs001\node_modules\oracledb
432 silly vacuum-fs purging D:\git\nodejs001\node_modules\oracledb
433 silly vacuum-fs purging D:\git\nodejs001\node_modules\oracledb
434 silly vacuum-fs quitting because other entries in D:\git\nodejs001\node_modules
435 silly vacuum-fs quitting because other entries in D:\git\nodejs001\node_modules
436 silly vacuum-fs quitting because other entries in D:\git\nodejs001\node_modules
437 silly vacuum-fs quitting because other entries in D:\git\nodejs001\node_modules
438 silly vacuum-fs quitting because other entries in D:\git\nodejs001\node_modules
439 silly vacuum-fs quitting because other entries in D:\git\nodejs001\node_modules
440 silly vacuum-fs quitting because other entries in D:\git\nodejs001\node_modules
441 silly vacuum-fs quitting because other entries in D:\git\nodejs001\node_modules
442 silly vacuum-fs quitting because other entries in D:\git\nodejs001\node_modules
443 silly vacuum-fs quitting because other entries in D:\git\nodejs001\node_modules
444 silly vacuum-fs quitting because other entries in D:\git\nodejs001\node_modules
445 silly vacuum-fs quitting because other entries in D:\git\nodejs001\node_modules
446 silly vacuum-fs quitting because other entries in D:\git\nodejs001\node_modules
447 silly vacuum-fs quitting because other entries in D:\git\nodejs001\node_modules
448 silly vacuum-fs quitting because other entries in D:\git\nodejs001\node_modules
449 silly vacuum-fs quitting because other entries in D:\git\nodejs001\node_modules
450 silly rollbackFailedOptional Finishing
451 silly runTopLevelLifecycles Finishing
452 silly install printInstalled
453 warn enoent ENOENT: no such file or directory, open 'D:\git\nodejs001\package.json'
454 verbose enoent ENOENT: no such file or directory, open 'D:\git\nodejs001\package.json'
454 verbose enoent This is most likely not a problem with npm itself
454 verbose enoent and is related to npm not being able to find a file.
455 warn nodejs001 No description
456 verbose If you need help, you may report this error at:
456 verbose     <https://github.com/npm/npm/issues>
457 warn nodejs001 No repository field.
458 verbose If you need help, you may report this error at:
458 verbose     <https://github.com/npm/npm/issues>
459 warn nodejs001 No README data
460 verbose If you need help, you may report this error at:
460 verbose     <https://github.com/npm/npm/issues>
461 warn nodejs001 No license field.
462 verbose If you need help, you may report this error at:
462 verbose     <https://github.com/npm/npm/issues>
463 verbose stack Error: oracledb@1.11.0 install: `node-gyp rebuild`
463 verbose stack Exit status 1
463 verbose stack     at EventEmitter.<anonymous> (C:\Users\asus\AppData\Roaming\npm\node_modules\npm\lib\utils\lifecycle.js:279:16)
463 verbose stack     at emitTwo (events.js:106:13)
463 verbose stack     at EventEmitter.emit (events.js:191:7)
463 verbose stack     at ChildProcess.<anonymous> (C:\Users\asus\AppData\Roaming\npm\node_modules\npm\lib\utils\spawn.js:40:14)
463 verbose stack     at emitTwo (events.js:106:13)
463 verbose stack     at ChildProcess.emit (events.js:191:7)
463 verbose stack     at maybeClose (internal/child_process.js:877:16)
463 verbose stack     at Process.ChildProcess._handle.onexit (internal/child_process.js:226:5)
464 verbose pkgid oracledb@1.11.0
465 verbose cwd D:\git\nodejs001
466 error Windows_NT 10.0.10240
467 error argv "C:\\Program Files\\nodejs\\node.exe" "C:\\Users\\asus\\AppData\\Roaming\\npm\\node_modules\\npm\\bin\\npm-cli.js" "install" "oracledb"
468 error node v6.9.2
469 error npm  v4.0.5
470 error code ELIFECYCLE
471 error oracledb@1.11.0 install: `node-gyp rebuild`
471 error Exit status 1
472 error Failed at the oracledb@1.11.0 install script 'node-gyp rebuild'.
472 error Make sure you have the latest version of node.js and npm installed.
472 error If you do, this is most likely a problem with the oracledb package,
472 error not with npm itself.
472 error Tell the author that this fails on your system:
472 error     node-gyp rebuild
472 error You can get information on how to open an issue for this project with:
472 error     npm bugs oracledb
472 error Or if that isn't available, you can get their info via:
472 error     npm owner ls oracledb
472 error There is likely additional logging output above.
473 verbose exit [ 1, true ]
